2020-07-20 13:46:06,119 [main] INFO  [com.tz.leo.log.App] - ********************************************
2020-07-20 13:46:06,119 [main] INFO  [com.tz.leo.log.App] - *********** logged by log4j *********
2020-07-20 13:46:06,119 [main] DEBUG [com.tz.leo.log.App] - 调试debug信息
2020-07-20 13:46:06,119 [main] INFO  [com.tz.leo.log.App] - 普通Info信息
2020-07-20 13:46:06,120 [main] WARN  [com.tz.leo.log.App] - 警告warn信息
2020-07-20 13:46:06,120 [main] ERROR [com.tz.leo.log.App] - 报错error信息
2020-07-20 13:46:06,120 [main] FATAL [com.tz.leo.log.App] - 严重错误fatal信息
2020-07-20 13:46:06,120 [main] DEBUG [com.tz.leo.log.App] -  RollingFile 调试debug信息
2020-07-20 13:46:06,120 [main] DEBUG [com.tz.leo.log.App] -  RollingFile 调试debug信息
2020-07-20 13:46:06,121 [main] DEBUG [com.tz.leo.log.App] -  RollingFile 调试debug信息
2020-07-20 13:46:06,121 [main] DEBUG [com.tz.leo.log.App] -  RollingFile 调试debug信息
2020-07-20 13:46:06,121 [main] DEBUG [com.tz.leo.log.App] -  RollingFile 调试debug信息
2020-07-20 13:46:06,122 [main] DEBUG [com.tz.leo.log.App] -  RollingFile 调试debug信息
2020-07-20 13:46:06,123 [main] DEBUG [com.tz.leo.log.App] -  RollingFile 调试debug信息
2020-07-20 13:46:06,123 [main] DEBUG [com.tz.leo.log.App] -  RollingFile 调试debug信息
2020-07-20 13:46:06,123 [main] DEBUG [com.tz.leo.log.App] -  RollingFile 调试debug信息
2020-07-20 13:46:06,123 [main] DEBUG [com.tz.leo.log.App] -  RollingFile 调试debug信息
2020-07-20 13:46:06,124 [main] DEBUG [com.tz.leo.log.App] -  RollingFile 调试debug信息
2020-07-20 13:46:06,124 [main] DEBUG [com.tz.leo.log.App] -  RollingFile 调试debug信息
2020-07-20 13:46:06,124 [main] DEBUG [com.tz.leo.log.App] -  RollingFile 调试debug信息
2020-07-20 13:46:06,124 [main] DEBUG [com.tz.leo.log.App] -  RollingFile 调试debug信息
2020-07-20 13:46:06,125 [main] DEBUG [com.tz.leo.log.App] -  RollingFile 调试debug信息
2020-07-20 13:46:06,125 [main] DEBUG [com.tz.leo.log.App] -  RollingFile 调试debug信息
2020-07-20 13:46:06,125 [main] DEBUG [com.tz.leo.log.App] -  RollingFile 调试debug信息
2020-07-20 13:46:06,126 [main] DEBUG [com.tz.leo.log.App] -  RollingFile 调试debug信息
2020-07-20 13:46:06,127 [main] DEBUG [com.tz.leo.log.App] -  RollingFile 调试debug信息
2020-07-20 13:46:06,128 [main] DEBUG [com.tz.leo.log.App] -  RollingFile 调试debug信息
2020-07-20 13:46:06,129 [main] DEBUG [com.tz.leo.log.App] -  RollingFile 调试debug信息
2020-07-20 13:46:06,129 [main] DEBUG [com.tz.leo.log.App] -  RollingFile 调试debug信息
2020-07-20 13:46:06,129 [main] DEBUG [com.tz.leo.log.App] -  RollingFile 调试debug信息
2020-07-20 13:46:06,129 [main] DEBUG [com.tz.leo.log.App] -  RollingFile 调试debug信息
2020-07-20 13:46:06,129 [main] DEBUG [com.tz.leo.log.App] -  RollingFile 调试debug信息
2020-07-20 13:46:06,130 [main] DEBUG [com.tz.leo.log.App] -  RollingFile 调试debug信息
2020-07-20 13:46:06,130 [main] DEBUG [com.tz.leo.log.App] -  RollingFile 调试debug信息
2020-07-20 13:46:06,130 [main] DEBUG [com.tz.leo.log.App] -  RollingFile 调试debug信息
2020-07-20 13:46:06,131 [main] DEBUG [com.tz.leo.log.App] -  RollingFile 调试debug信息
2020-07-20 13:46:06,131 [main] DEBUG [com.tz.leo.log.App] -  RollingFile 调试debug信息
2020-07-20 13:46:06,131 [main] DEBUG [com.tz.leo.log.App] -  RollingFile 调试debug信息
2020-07-20 13:46:06,131 [main] DEBUG [com.tz.leo.log.App] -  RollingFile 调试debug信息
2020-07-20 13:46:06,138 [main] DEBUG [com.tz.leo.log.App] -  RollingFile 调试debug信息
2020-07-20 13:46:06,138 [main] DEBUG [com.tz.leo.log.App] -  RollingFile 调试debug信息
2020-07-20 13:46:06,139 [main] DEBUG [com.tz.leo.log.App] -  RollingFile 调试debug信息
2020-07-20 13:46:06,139 [main] DEBUG [com.tz.leo.log.App] -  RollingFile 调试debug信息
2020-07-20 13:46:06,139 [main] DEBUG [com.tz.leo.log.App] -  RollingFile 调试debug信息
2020-07-20 13:46:06,139 [main] DEBUG [com.tz.leo.log.App] -  RollingFile 调试debug信息
2020-07-20 13:46:06,139 [main] DEBUG [com.tz.leo.log.App] -  RollingFile 调试debug信息
2020-07-20 13:46:06,140 [main] DEBUG [com.tz.leo.log.App] -  RollingFile 调试debug信息
2020-07-20 13:46:06,140 [main] DEBUG [com.tz.leo.log.App] -  RollingFile 调试debug信息
2020-07-20 13:46:06,140 [main] DEBUG [com.tz.leo.log.App] -  RollingFile 调试debug信息
2020-07-20 13:46:06,141 [main] DEBUG [com.tz.leo.log.App] -  RollingFile 调试debug信息
2020-07-20 13:46:06,141 [main] DEBUG [com.tz.leo.log.App] -  RollingFile 调试debug信息
2020-07-20 13:46:06,141 [main] DEBUG [com.tz.leo.log.App] -  RollingFile 调试debug信息
2020-07-20 13:46:06,150 [main] DEBUG [com.tz.leo.log.App] -  RollingFile 调试debug信息
2020-07-20 13:46:06,151 [main] DEBUG [com.tz.leo.log.App] -  RollingFile 调试debug信息
2020-07-20 13:46:06,151 [main] DEBUG [com.tz.leo.log.App] -  RollingFile 调试debug信息
2020-07-20 13:46:06,151 [main] DEBUG [com.tz.leo.log.App] -  RollingFile 调试debug信息
2020-07-20 13:46:06,151 [main] DEBUG [com.tz.leo.log.App] -  RollingFile 调试debug信息
2020-07-20 13:46:06,152 [main] INFO  [com.tz.leo.log.App] - ********************************************
