2020-07-20 14:08:16  [ main:0 ] - [ INFO ]  ********************************************
2020-07-20 14:08:16  [ main:1 ] - [ INFO ]  *********** logged by slf4j   *********
2020-07-20 14:08:16  [ main:1 ] - [ DEBUG ]  调试debug信息
2020-07-20 14:08:16  [ main:1 ] - [ INFO ]  普通Info信息
2020-07-20 14:08:16  [ main:1 ] - [ WARN ]  警告warn信息
2020-07-20 14:08:16  [ main:1 ] - [ ERROR ]  报错error信息
2020-07-20 14:08:16  [ main:1 ] - [ DEBUG ]   RollingFile 调试debug信息
2020-07-20 14:08:16  [ main:2 ] - [ DEBUG ]   RollingFile 调试debug信息
2020-07-20 14:08:16  [ main:2 ] - [ DEBUG ]   RollingFile 调试debug信息
2020-07-20 14:08:16  [ main:2 ] - [ DEBUG ]   RollingFile 调试debug信息
2020-07-20 14:08:16  [ main:2 ] - [ DEBUG ]   RollingFile 调试debug信息
2020-07-20 14:08:16  [ main:2 ] - [ DEBUG ]   RollingFile 调试debug信息
2020-07-20 14:08:16  [ main:2 ] - [ DEBUG ]   RollingFile 调试debug信息
2020-07-20 14:08:16  [ main:3 ] - [ DEBUG ]   RollingFile 调试debug信息
2020-07-20 14:08:16  [ main:3 ] - [ DEBUG ]   RollingFile 调试debug信息
2020-07-20 14:08:16  [ main:4 ] - [ DEBUG ]   RollingFile 调试debug信息
2020-07-20 14:08:16  [ main:4 ] - [ DEBUG ]   RollingFile 调试debug信息
2020-07-20 14:08:16  [ main:4 ] - [ DEBUG ]   RollingFile 调试debug信息
2020-07-20 14:08:16  [ main:4 ] - [ DEBUG ]   RollingFile 调试debug信息
2020-07-20 14:08:16  [ main:5 ] - [ DEBUG ]   RollingFile 调试debug信息
2020-07-20 14:08:16  [ main:5 ] - [ DEBUG ]   RollingFile 调试debug信息
2020-07-20 14:08:16  [ main:5 ] - [ DEBUG ]   RollingFile 调试debug信息
2020-07-20 14:08:16  [ main:5 ] - [ DEBUG ]   RollingFile 调试debug信息
2020-07-20 14:08:16  [ main:5 ] - [ DEBUG ]   RollingFile 调试debug信息
2020-07-20 14:08:16  [ main:5 ] - [ DEBUG ]   RollingFile 调试debug信息
2020-07-20 14:08:16  [ main:5 ] - [ DEBUG ]   RollingFile 调试debug信息
2020-07-20 14:08:16  [ main:5 ] - [ DEBUG ]   RollingFile 调试debug信息
2020-07-20 14:08:16  [ main:5 ] - [ DEBUG ]   RollingFile 调试debug信息
2020-07-20 14:08:16  [ main:6 ] - [ DEBUG ]   RollingFile 调试debug信息
2020-07-20 14:08:16  [ main:6 ] - [ DEBUG ]   RollingFile 调试debug信息
2020-07-20 14:08:16  [ main:6 ] - [ DEBUG ]   RollingFile 调试debug信息
2020-07-20 14:08:16  [ main:6 ] - [ DEBUG ]   RollingFile 调试debug信息
2020-07-20 14:08:16  [ main:6 ] - [ DEBUG ]   RollingFile 调试debug信息
2020-07-20 14:08:16  [ main:6 ] - [ DEBUG ]   RollingFile 调试debug信息
2020-07-20 14:08:16  [ main:6 ] - [ DEBUG ]   RollingFile 调试debug信息
2020-07-20 14:08:16  [ main:6 ] - [ DEBUG ]   RollingFile 调试debug信息
2020-07-20 14:08:16  [ main:6 ] - [ DEBUG ]   RollingFile 调试debug信息
2020-07-20 14:08:16  [ main:7 ] - [ DEBUG ]   RollingFile 调试debug信息
2020-07-20 14:08:16  [ main:7 ] - [ DEBUG ]   RollingFile 调试debug信息
2020-07-20 14:08:16  [ main:7 ] - [ DEBUG ]   RollingFile 调试debug信息
2020-07-20 14:08:16  [ main:7 ] - [ DEBUG ]   RollingFile 调试debug信息
2020-07-20 14:08:16  [ main:7 ] - [ DEBUG ]   RollingFile 调试debug信息
2020-07-20 14:08:16  [ main:7 ] - [ DEBUG ]   RollingFile 调试debug信息
2020-07-20 14:08:16  [ main:7 ] - [ DEBUG ]   RollingFile 调试debug信息
2020-07-20 14:08:16  [ main:7 ] - [ DEBUG ]   RollingFile 调试debug信息
2020-07-20 14:08:16  [ main:7 ] - [ DEBUG ]   RollingFile 调试debug信息
2020-07-20 14:08:16  [ main:7 ] - [ DEBUG ]   RollingFile 调试debug信息
2020-07-20 14:08:16  [ main:8 ] - [ DEBUG ]   RollingFile 调试debug信息
2020-07-20 14:08:16  [ main:8 ] - [ DEBUG ]   RollingFile 调试debug信息
2020-07-20 14:08:16  [ main:8 ] - [ DEBUG ]   RollingFile 调试debug信息
2020-07-20 14:08:16  [ main:8 ] - [ DEBUG ]   RollingFile 调试debug信息
2020-07-20 14:08:16  [ main:8 ] - [ DEBUG ]   RollingFile 调试debug信息
2020-07-20 14:08:16  [ main:8 ] - [ DEBUG ]   RollingFile 调试debug信息
2020-07-20 14:08:16  [ main:8 ] - [ DEBUG ]   RollingFile 调试debug信息
2020-07-20 14:08:16  [ main:8 ] - [ DEBUG ]   RollingFile 调试debug信息
2020-07-20 14:08:16  [ main:8 ] - [ DEBUG ]   RollingFile 调试debug信息
2020-07-20 14:08:16  [ main:9 ] - [ INFO ]  ********************************************
