2020-07-20 at 14:25:40 CST DEBUG com.tz.leo.log.App 18 main - Log4j2__调试debug信息
2020-07-20 at 14:25:40 CST INFO  com.tz.leo.log.App 19 main - Log4j2__普通Info信息
2020-07-20 at 14:25:40 CST WARN  com.tz.leo.log.App 20 main - Log4j2__警告warn信息
2020-07-20 at 14:25:40 CST ERROR com.tz.leo.log.App 21 main - Log4j2__报错error信息
2020-07-20 at 14:25:40 CST FATAL com.tz.leo.log.App 22 main - Log4j2__严重错误fatal信息
2020-07-20 at 14:25:40 CST DEBUG com.tz.leo.log.App 27 main - Log4j2__ RollingFile 调试debug信息
2020-07-20 at 14:25:40 CST DEBUG com.tz.leo.log.App 28 main - Log4j2__ RollingFile 调试debug信息
2020-07-20 at 14:25:40 CST DEBUG com.tz.leo.log.App 29 main - Log4j2__ RollingFile 调试debug信息
2020-07-20 at 14:25:40 CST DEBUG com.tz.leo.log.App 30 main - Log4j2__ RollingFile 调试debug信息
2020-07-20 at 14:25:40 CST DEBUG com.tz.leo.log.App 31 main - Log4j2__ RollingFile 调试debug信息
2020-07-20 at 14:25:40 CST DEBUG com.tz.leo.log.App 27 main - Log4j2__ RollingFile 调试debug信息
2020-07-20 at 14:25:40 CST DEBUG com.tz.leo.log.App 28 main - Log4j2__ RollingFile 调试debug信息
2020-07-20 at 14:25:40 CST DEBUG com.tz.leo.log.App 29 main - Log4j2__ RollingFile 调试debug信息
2020-07-20 at 14:25:40 CST DEBUG com.tz.leo.log.App 30 main - Log4j2__ RollingFile 调试debug信息
2020-07-20 at 14:25:40 CST DEBUG com.tz.leo.log.App 31 main - Log4j2__ RollingFile 调试debug信息
2020-07-20 at 14:25:40 CST DEBUG com.tz.leo.log.App 27 main - Log4j2__ RollingFile 调试debug信息
2020-07-20 at 14:25:40 CST DEBUG com.tz.leo.log.App 28 main - Log4j2__ RollingFile 调试debug信息
2020-07-20 at 14:25:40 CST DEBUG com.tz.leo.log.App 29 main - Log4j2__ RollingFile 调试debug信息
2020-07-20 at 14:25:40 CST DEBUG com.tz.leo.log.App 30 main - Log4j2__ RollingFile 调试debug信息
2020-07-20 at 14:25:40 CST DEBUG com.tz.leo.log.App 31 main - Log4j2__ RollingFile 调试debug信息
2020-07-20 at 14:25:40 CST DEBUG com.tz.leo.log.App 27 main - Log4j2__ RollingFile 调试debug信息
2020-07-20 at 14:25:40 CST DEBUG com.tz.leo.log.App 28 main - Log4j2__ RollingFile 调试debug信息
2020-07-20 at 14:25:40 CST DEBUG com.tz.leo.log.App 29 main - Log4j2__ RollingFile 调试debug信息
2020-07-20 at 14:25:40 CST DEBUG com.tz.leo.log.App 30 main - Log4j2__ RollingFile 调试debug信息
2020-07-20 at 14:25:40 CST DEBUG com.tz.leo.log.App 31 main - Log4j2__ RollingFile 调试debug信息
2020-07-20 at 14:25:40 CST DEBUG com.tz.leo.log.App 27 main - Log4j2__ RollingFile 调试debug信息
2020-07-20 at 14:25:40 CST DEBUG com.tz.leo.log.App 28 main - Log4j2__ RollingFile 调试debug信息
2020-07-20 at 14:25:40 CST DEBUG com.tz.leo.log.App 29 main - Log4j2__ RollingFile 调试debug信息
2020-07-20 at 14:25:40 CST DEBUG com.tz.leo.log.App 30 main - Log4j2__ RollingFile 调试debug信息
2020-07-20 at 14:25:40 CST DEBUG com.tz.leo.log.App 31 main - Log4j2__ RollingFile 调试debug信息
2020-07-20 at 14:25:40 CST DEBUG com.tz.leo.log.App 27 main - Log4j2__ RollingFile 调试debug信息
2020-07-20 at 14:25:40 CST DEBUG com.tz.leo.log.App 28 main - Log4j2__ RollingFile 调试debug信息
2020-07-20 at 14:25:40 CST DEBUG com.tz.leo.log.App 29 main - Log4j2__ RollingFile 调试debug信息
2020-07-20 at 14:25:40 CST DEBUG com.tz.leo.log.App 30 main - Log4j2__ RollingFile 调试debug信息
2020-07-20 at 14:25:40 CST DEBUG com.tz.leo.log.App 31 main - Log4j2__ RollingFile 调试debug信息
2020-07-20 at 14:25:40 CST DEBUG com.tz.leo.log.App 27 main - Log4j2__ RollingFile 调试debug信息
2020-07-20 at 14:25:40 CST DEBUG com.tz.leo.log.App 28 main - Log4j2__ RollingFile 调试debug信息
2020-07-20 at 14:25:40 CST DEBUG com.tz.leo.log.App 29 main - Log4j2__ RollingFile 调试debug信息
2020-07-20 at 14:25:40 CST DEBUG com.tz.leo.log.App 30 main - Log4j2__ RollingFile 调试debug信息
2020-07-20 at 14:25:40 CST DEBUG com.tz.leo.log.App 31 main - Log4j2__ RollingFile 调试debug信息
2020-07-20 at 14:25:40 CST DEBUG com.tz.leo.log.App 27 main - Log4j2__ RollingFile 调试debug信息
2020-07-20 at 14:25:40 CST DEBUG com.tz.leo.log.App 28 main - Log4j2__ RollingFile 调试debug信息
2020-07-20 at 14:25:40 CST DEBUG com.tz.leo.log.App 29 main - Log4j2__ RollingFile 调试debug信息
2020-07-20 at 14:25:40 CST DEBUG com.tz.leo.log.App 30 main - Log4j2__ RollingFile 调试debug信息
2020-07-20 at 14:25:40 CST DEBUG com.tz.leo.log.App 31 main - Log4j2__ RollingFile 调试debug信息
2020-07-20 at 14:25:40 CST DEBUG com.tz.leo.log.App 27 main - Log4j2__ RollingFile 调试debug信息
2020-07-20 at 14:25:40 CST DEBUG com.tz.leo.log.App 28 main - Log4j2__ RollingFile 调试debug信息
2020-07-20 at 14:25:40 CST DEBUG com.tz.leo.log.App 29 main - Log4j2__ RollingFile 调试debug信息
2020-07-20 at 14:25:40 CST DEBUG com.tz.leo.log.App 30 main - Log4j2__ RollingFile 调试debug信息
2020-07-20 at 14:25:40 CST DEBUG com.tz.leo.log.App 31 main - Log4j2__ RollingFile 调试debug信息
2020-07-20 at 14:25:40 CST DEBUG com.tz.leo.log.App 27 main - Log4j2__ RollingFile 调试debug信息
2020-07-20 at 14:25:40 CST DEBUG com.tz.leo.log.App 28 main - Log4j2__ RollingFile 调试debug信息
2020-07-20 at 14:25:40 CST DEBUG com.tz.leo.log.App 29 main - Log4j2__ RollingFile 调试debug信息
2020-07-20 at 14:25:40 CST DEBUG com.tz.leo.log.App 30 main - Log4j2__ RollingFile 调试debug信息
2020-07-20 at 14:25:40 CST DEBUG com.tz.leo.log.App 31 main - Log4j2__ RollingFile 调试debug信息
2020-07-20 at 15:52:16 CST DEBUG com.tz.leo.log.App 18 main - Log4j2__调试debug信息
2020-07-20 at 15:52:16 CST INFO  com.tz.leo.log.App 19 main - Log4j2__普通Info信息
2020-07-20 at 15:52:16 CST WARN  com.tz.leo.log.App 20 main - Log4j2__警告warn信息
2020-07-20 at 15:52:16 CST ERROR com.tz.leo.log.App 21 main - Log4j2__报错error信息
2020-07-20 at 15:52:16 CST FATAL com.tz.leo.log.App 22 main - Log4j2__严重错误fatal信息
2020-07-20 at 15:52:16 CST DEBUG com.tz.leo.log.App 27 main - Log4j2__ RollingFile 调试debug信息
2020-07-20 at 15:52:16 CST DEBUG com.tz.leo.log.App 28 main - Log4j2__ RollingFile 调试debug信息
2020-07-20 at 15:52:16 CST DEBUG com.tz.leo.log.App 29 main - Log4j2__ RollingFile 调试debug信息
2020-07-20 at 15:52:16 CST DEBUG com.tz.leo.log.App 30 main - Log4j2__ RollingFile 调试debug信息
2020-07-20 at 15:52:16 CST DEBUG com.tz.leo.log.App 31 main - Log4j2__ RollingFile 调试debug信息
2020-07-20 at 15:52:16 CST DEBUG com.tz.leo.log.App 27 main - Log4j2__ RollingFile 调试debug信息
2020-07-20 at 15:52:16 CST DEBUG com.tz.leo.log.App 28 main - Log4j2__ RollingFile 调试debug信息
2020-07-20 at 15:52:16 CST DEBUG com.tz.leo.log.App 29 main - Log4j2__ RollingFile 调试debug信息
2020-07-20 at 15:52:16 CST DEBUG com.tz.leo.log.App 30 main - Log4j2__ RollingFile 调试debug信息
2020-07-20 at 15:52:16 CST DEBUG com.tz.leo.log.App 31 main - Log4j2__ RollingFile 调试debug信息
2020-07-20 at 15:52:16 CST DEBUG com.tz.leo.log.App 27 main - Log4j2__ RollingFile 调试debug信息
2020-07-20 at 15:52:16 CST DEBUG com.tz.leo.log.App 28 main - Log4j2__ RollingFile 调试debug信息
2020-07-20 at 15:52:16 CST DEBUG com.tz.leo.log.App 29 main - Log4j2__ RollingFile 调试debug信息
2020-07-20 at 15:52:16 CST DEBUG com.tz.leo.log.App 30 main - Log4j2__ RollingFile 调试debug信息
2020-07-20 at 15:52:16 CST DEBUG com.tz.leo.log.App 31 main - Log4j2__ RollingFile 调试debug信息
2020-07-20 at 15:52:16 CST DEBUG com.tz.leo.log.App 27 main - Log4j2__ RollingFile 调试debug信息
2020-07-20 at 15:52:16 CST DEBUG com.tz.leo.log.App 28 main - Log4j2__ RollingFile 调试debug信息
2020-07-20 at 15:52:16 CST DEBUG com.tz.leo.log.App 29 main - Log4j2__ RollingFile 调试debug信息
2020-07-20 at 15:52:16 CST DEBUG com.tz.leo.log.App 30 main - Log4j2__ RollingFile 调试debug信息
2020-07-20 at 15:52:16 CST DEBUG com.tz.leo.log.App 31 main - Log4j2__ RollingFile 调试debug信息
2020-07-20 at 15:52:16 CST DEBUG com.tz.leo.log.App 27 main - Log4j2__ RollingFile 调试debug信息
2020-07-20 at 15:52:16 CST DEBUG com.tz.leo.log.App 28 main - Log4j2__ RollingFile 调试debug信息
2020-07-20 at 15:52:16 CST DEBUG com.tz.leo.log.App 29 main - Log4j2__ RollingFile 调试debug信息
2020-07-20 at 15:52:16 CST DEBUG com.tz.leo.log.App 30 main - Log4j2__ RollingFile 调试debug信息
2020-07-20 at 15:52:16 CST DEBUG com.tz.leo.log.App 31 main - Log4j2__ RollingFile 调试debug信息
2020-07-20 at 15:52:16 CST DEBUG com.tz.leo.log.App 27 main - Log4j2__ RollingFile 调试debug信息
2020-07-20 at 15:52:16 CST DEBUG com.tz.leo.log.App 28 main - Log4j2__ RollingFile 调试debug信息
2020-07-20 at 15:52:16 CST DEBUG com.tz.leo.log.App 29 main - Log4j2__ RollingFile 调试debug信息
2020-07-20 at 15:52:16 CST DEBUG com.tz.leo.log.App 30 main - Log4j2__ RollingFile 调试debug信息
2020-07-20 at 15:52:16 CST DEBUG com.tz.leo.log.App 31 main - Log4j2__ RollingFile 调试debug信息
2020-07-20 at 15:52:16 CST DEBUG com.tz.leo.log.App 27 main - Log4j2__ RollingFile 调试debug信息
2020-07-20 at 15:52:16 CST DEBUG com.tz.leo.log.App 28 main - Log4j2__ RollingFile 调试debug信息
2020-07-20 at 15:52:16 CST DEBUG com.tz.leo.log.App 29 main - Log4j2__ RollingFile 调试debug信息
2020-07-20 at 15:52:16 CST DEBUG com.tz.leo.log.App 30 main - Log4j2__ RollingFile 调试debug信息
2020-07-20 at 15:52:16 CST DEBUG com.tz.leo.log.App 31 main - Log4j2__ RollingFile 调试debug信息
2020-07-20 at 15:52:16 CST DEBUG com.tz.leo.log.App 27 main - Log4j2__ RollingFile 调试debug信息
2020-07-20 at 15:52:16 CST DEBUG com.tz.leo.log.App 28 main - Log4j2__ RollingFile 调试debug信息
2020-07-20 at 15:52:16 CST DEBUG com.tz.leo.log.App 29 main - Log4j2__ RollingFile 调试debug信息
2020-07-20 at 15:52:16 CST DEBUG com.tz.leo.log.App 30 main - Log4j2__ RollingFile 调试debug信息
2020-07-20 at 15:52:16 CST DEBUG com.tz.leo.log.App 31 main - Log4j2__ RollingFile 调试debug信息
2020-07-20 at 15:52:16 CST DEBUG com.tz.leo.log.App 27 main - Log4j2__ RollingFile 调试debug信息
2020-07-20 at 15:52:16 CST DEBUG com.tz.leo.log.App 28 main - Log4j2__ RollingFile 调试debug信息
2020-07-20 at 15:52:16 CST DEBUG com.tz.leo.log.App 29 main - Log4j2__ RollingFile 调试debug信息
2020-07-20 at 15:52:16 CST DEBUG com.tz.leo.log.App 30 main - Log4j2__ RollingFile 调试debug信息
2020-07-20 at 15:52:16 CST DEBUG com.tz.leo.log.App 31 main - Log4j2__ RollingFile 调试debug信息
2020-07-20 at 15:52:16 CST DEBUG com.tz.leo.log.App 27 main - Log4j2__ RollingFile 调试debug信息
2020-07-20 at 15:52:16 CST DEBUG com.tz.leo.log.App 28 main - Log4j2__ RollingFile 调试debug信息
2020-07-20 at 15:52:16 CST DEBUG com.tz.leo.log.App 29 main - Log4j2__ RollingFile 调试debug信息
2020-07-20 at 15:52:16 CST DEBUG com.tz.leo.log.App 30 main - Log4j2__ RollingFile 调试debug信息
2020-07-20 at 15:52:16 CST DEBUG com.tz.leo.log.App 31 main - Log4j2__ RollingFile 调试debug信息
2020-07-20 at 17:27:42 CST DEBUG com.tz.leo.log.App 18 main - Log4j2__调试debug信息
2020-07-20 at 17:27:42 CST INFO  com.tz.leo.log.App 19 main - Log4j2__普通Info信息
2020-07-20 at 17:27:42 CST WARN  com.tz.leo.log.App 20 main - Log4j2__警告warn信息
2020-07-20 at 17:27:42 CST ERROR com.tz.leo.log.App 21 main - Log4j2__报错error信息
2020-07-20 at 17:27:42 CST FATAL com.tz.leo.log.App 22 main - Log4j2__严重错误fatal信息
2020-07-20 at 17:27:42 CST DEBUG com.tz.leo.log.App 27 main - Log4j2__ RollingFile 调试debug信息
2020-07-20 at 17:27:42 CST DEBUG com.tz.leo.log.App 28 main - Log4j2__ RollingFile 调试debug信息
2020-07-20 at 17:27:42 CST DEBUG com.tz.leo.log.App 29 main - Log4j2__ RollingFile 调试debug信息
2020-07-20 at 17:27:42 CST DEBUG com.tz.leo.log.App 30 main - Log4j2__ RollingFile 调试debug信息
2020-07-20 at 17:27:42 CST DEBUG com.tz.leo.log.App 31 main - Log4j2__ RollingFile 调试debug信息
2020-07-20 at 17:27:42 CST DEBUG com.tz.leo.log.App 27 main - Log4j2__ RollingFile 调试debug信息
2020-07-20 at 17:27:42 CST DEBUG com.tz.leo.log.App 28 main - Log4j2__ RollingFile 调试debug信息
2020-07-20 at 17:27:42 CST DEBUG com.tz.leo.log.App 29 main - Log4j2__ RollingFile 调试debug信息
2020-07-20 at 17:27:42 CST DEBUG com.tz.leo.log.App 30 main - Log4j2__ RollingFile 调试debug信息
2020-07-20 at 17:27:42 CST DEBUG com.tz.leo.log.App 31 main - Log4j2__ RollingFile 调试debug信息
2020-07-20 at 17:27:42 CST DEBUG com.tz.leo.log.App 27 main - Log4j2__ RollingFile 调试debug信息
2020-07-20 at 17:27:42 CST DEBUG com.tz.leo.log.App 28 main - Log4j2__ RollingFile 调试debug信息
2020-07-20 at 17:27:42 CST DEBUG com.tz.leo.log.App 29 main - Log4j2__ RollingFile 调试debug信息
2020-07-20 at 17:27:42 CST DEBUG com.tz.leo.log.App 30 main - Log4j2__ RollingFile 调试debug信息
2020-07-20 at 17:27:42 CST DEBUG com.tz.leo.log.App 31 main - Log4j2__ RollingFile 调试debug信息
2020-07-20 at 17:27:42 CST DEBUG com.tz.leo.log.App 27 main - Log4j2__ RollingFile 调试debug信息
2020-07-20 at 17:27:42 CST DEBUG com.tz.leo.log.App 28 main - Log4j2__ RollingFile 调试debug信息
2020-07-20 at 17:27:42 CST DEBUG com.tz.leo.log.App 29 main - Log4j2__ RollingFile 调试debug信息
2020-07-20 at 17:27:42 CST DEBUG com.tz.leo.log.App 30 main - Log4j2__ RollingFile 调试debug信息
2020-07-20 at 17:27:42 CST DEBUG com.tz.leo.log.App 31 main - Log4j2__ RollingFile 调试debug信息
2020-07-20 at 17:27:42 CST DEBUG com.tz.leo.log.App 27 main - Log4j2__ RollingFile 调试debug信息
2020-07-20 at 17:27:42 CST DEBUG com.tz.leo.log.App 28 main - Log4j2__ RollingFile 调试debug信息
2020-07-20 at 17:27:42 CST DEBUG com.tz.leo.log.App 29 main - Log4j2__ RollingFile 调试debug信息
2020-07-20 at 17:27:42 CST DEBUG com.tz.leo.log.App 30 main - Log4j2__ RollingFile 调试debug信息
2020-07-20 at 17:27:42 CST DEBUG com.tz.leo.log.App 31 main - Log4j2__ RollingFile 调试debug信息
2020-07-20 at 17:27:42 CST DEBUG com.tz.leo.log.App 27 main - Log4j2__ RollingFile 调试debug信息
2020-07-20 at 17:27:42 CST DEBUG com.tz.leo.log.App 28 main - Log4j2__ RollingFile 调试debug信息
2020-07-20 at 17:27:42 CST DEBUG com.tz.leo.log.App 29 main - Log4j2__ RollingFile 调试debug信息
2020-07-20 at 17:27:42 CST DEBUG com.tz.leo.log.App 30 main - Log4j2__ RollingFile 调试debug信息
2020-07-20 at 17:27:42 CST DEBUG com.tz.leo.log.App 31 main - Log4j2__ RollingFile 调试debug信息
2020-07-20 at 17:27:42 CST DEBUG com.tz.leo.log.App 27 main - Log4j2__ RollingFile 调试debug信息
2020-07-20 at 17:27:42 CST DEBUG com.tz.leo.log.App 28 main - Log4j2__ RollingFile 调试debug信息
2020-07-20 at 17:27:42 CST DEBUG com.tz.leo.log.App 29 main - Log4j2__ RollingFile 调试debug信息
2020-07-20 at 17:27:42 CST DEBUG com.tz.leo.log.App 30 main - Log4j2__ RollingFile 调试debug信息
2020-07-20 at 17:27:42 CST DEBUG com.tz.leo.log.App 31 main - Log4j2__ RollingFile 调试debug信息
2020-07-20 at 17:27:42 CST DEBUG com.tz.leo.log.App 27 main - Log4j2__ RollingFile 调试debug信息
2020-07-20 at 17:27:42 CST DEBUG com.tz.leo.log.App 28 main - Log4j2__ RollingFile 调试debug信息
2020-07-20 at 17:27:42 CST DEBUG com.tz.leo.log.App 29 main - Log4j2__ RollingFile 调试debug信息
2020-07-20 at 17:27:42 CST DEBUG com.tz.leo.log.App 30 main - Log4j2__ RollingFile 调试debug信息
2020-07-20 at 17:27:42 CST DEBUG com.tz.leo.log.App 31 main - Log4j2__ RollingFile 调试debug信息
2020-07-20 at 17:27:42 CST DEBUG com.tz.leo.log.App 27 main - Log4j2__ RollingFile 调试debug信息
2020-07-20 at 17:27:42 CST DEBUG com.tz.leo.log.App 28 main - Log4j2__ RollingFile 调试debug信息
2020-07-20 at 17:27:42 CST DEBUG com.tz.leo.log.App 29 main - Log4j2__ RollingFile 调试debug信息
2020-07-20 at 17:27:42 CST DEBUG com.tz.leo.log.App 30 main - Log4j2__ RollingFile 调试debug信息
2020-07-20 at 17:27:42 CST DEBUG com.tz.leo.log.App 31 main - Log4j2__ RollingFile 调试debug信息
2020-07-20 at 17:27:42 CST DEBUG com.tz.leo.log.App 27 main - Log4j2__ RollingFile 调试debug信息
2020-07-20 at 17:27:42 CST DEBUG com.tz.leo.log.App 28 main - Log4j2__ RollingFile 调试debug信息
2020-07-20 at 17:27:42 CST DEBUG com.tz.leo.log.App 29 main - Log4j2__ RollingFile 调试debug信息
2020-07-20 at 17:27:42 CST DEBUG com.tz.leo.log.App 30 main - Log4j2__ RollingFile 调试debug信息
2020-07-20 at 17:27:42 CST DEBUG com.tz.leo.log.App 31 main - Log4j2__ RollingFile 调试debug信息
